<!DOCTYPE html>
<html lang="en">
<head>
  <meta charset="utf-8">
  <meta name="viewport"
     content="width=device-width, initial-scale=1, user-scalable=yes">

  <script src="https://code.jquery.com/jquery-3.3.1.slim.min.js" integrity="sha384-q8i/X+965DzO0rT7abK41JStQIAqVgRVzpbzo5smXKp4YfRvH+8abtTE1Pi6jizo" crossorigin="anonymous"></script>

  <link href="https://cdn.jsdelivr.net/npm/bootstrap@5.0.2/dist/css/bootstrap.min.css" rel="stylesheet" integrity="sha384-EVSTQN3/azprG1Anm3QDgpJLIm9Nao0Yz1ztcQTwFspd3yD65VohhpuuCOmLASjC" crossorigin="anonymous">

  <link href="https://unpkg.com/bootstrap-table@1.18.3/dist/bootstrap-table.min.css" rel="stylesheet">
  <script src="https://unpkg.com/bootstrap-table@1.18.3/dist/bootstrap-table.min.js"></script>
  <script src="https://unpkg.com/bootstrap-table@1.18.3/dist/extensions/multiple-sort/bootstrap-table-multiple-sort.js"></script>

  <title>PyDigger - unearthing stuff about Python</title>
</head>
<body>
<div class="container-fluid">
    <div class="row">
  <div class="col-md-12">
<nav class="navbar navbar-expand-lg navbar-light bg-light">
  <div class="container-fluid">
    <a class="navbar-brand" href="/">Home</a>
    <button class="navbar-toggler" type="button" data-bs-toggle="collapse" data-bs-target="#navbarSupportedContent" aria-controls="navbarSupportedContent" aria-expanded="false" aria-label="Toggle navigation">
      <span class="navbar-toggler-icon"></span>
    </button>
    <div class="collapse navbar-collapse" id="navbarSupportedContent">
      <ul class="navbar-nav me-auto mb-2 mb-lg-0">
        <li class="nav-item"><a class="nav-link" href="/all">All</a></li>
        <li class="nav-item"><a class="nav-link" href="/stats">Stats</a></li>
        <li class="nav-item"><a class="nav-link" href="/docs/">Docs</a></li>
        <li class="nav-item"><a class="nav-link" href="/books">Books</a></li>
      </ul>
      <ul class="navbar-nav mb-2 mb-lg-0 navbar-right">
        <li class="nav-item"><a class="nav-link" href="/about">About</a></li>
      </ul>
<!--
      <form class="d-flex">
        <input class="form-control me-2" type="search" placeholder="Search" aria-label="Search">
        <button class="btn btn-outline-success" type="submit">Search</button>
      </form>
-->
    </div>
  </div>
</nav>
  </div>
</div>

    <div class="row">
        <div class="col-md-1"></div>
        <div class="col-md-10">
        <h1>PyDigger - unearthing stuff about Python</h1>
            <form action="/search">
        <input name="q" value="yaml"><input type="submit" value="Search"><br>
    </form>
        </div>
        <div class="col-md-1"></div>
    </div>



<div class="row">
    <div class="col-md-1"></div>
    <div class="col-md-10">
        <div class="pagination">
<div>
Found 400 out of 282,572. Showing 20 on page 1.
Total pages: 20.
</div>
<div>
<a role="button" href="?q=yaml&amp;page=1&amp;limit=20"                  class="btn btn-outline-primary disabled">first</button>
<a role="button" href="?q=yaml&amp;page=0&amp;limit=20" class="btn btn-outline-primary disabled">prev</a>
<a role="button" href="?q=yaml&amp;page=2&amp;limit=20" class="btn btn-outline-primary ">next</a>
<a role="button" href="?q=yaml&amp;page=20&amp;limit=20"     class="btn btn-outline-primary ">last</a>
</div>
</div>

        <table class="table">
        <tr>
          <th>Name</th><th>Version</th><th>Summary</th><th>date</th>
        </tr>
        
            <tr>
                <td><a href="/pypi/wexample-helpers-yaml">wexample-helpers-yaml</a></td>
                <td>0.0.19</td>
                <td>Helpers for reading yaml files.</td>
                <td>2025-01-23 15:56:48</td>
            </tr>
        
            <tr>
                <td><a href="/pypi/schedrem">schedrem</a></td>
                <td>1.3.2</td>
                <td>A cross-platform task scheduler and reminder configured in YAML.</td>
                <td>2025-01-22 05:08:34</td>
            </tr>
        
            <tr>
                <td><a href="/pypi/yaml-ld">yaml-ld</a></td>
                <td>1.1.3</td>
                <td>YAML-LD for Python</td>
                <td>2025-01-21 19:31:36</td>
            </tr>
        
            <tr>
                <td><a href="/pypi/masterpiece-yamlformat">masterpiece-yamlformat</a></td>
                <td>1.0.3</td>
                <td>Yaml serialization format for `masterpiece` applications</td>
                <td>2025-01-21 16:58:18</td>
            </tr>
        
            <tr>
                <td><a href="/pypi/yamling">yamling</a></td>
                <td>1.8.1</td>
                <td>Enhanced YAML loading and dumping.</td>
                <td>2025-01-20 03:54:28</td>
            </tr>
        
            <tr>
                <td><a href="/pypi/YMLEditor">YMLEditor</a></td>
                <td>0.3.2</td>
                <td>YMLEditor is a package for quickly creating editors for simple YAML configuration files.</td>
                <td>2025-01-19 17:43:26</td>
            </tr>
        
            <tr>
                <td><a href="/pypi/check-yamlschema">check-yamlschema</a></td>
                <td>0.0.6</td>
                <td>A CLI and pre-commit hooks for jsonschema validation in YAML files with multiple documents</td>
                <td>2025-01-19 16:41:40</td>
            </tr>
        
            <tr>
                <td><a href="/pypi/reclass-rs">reclass-rs</a></td>
                <td>0.6.0</td>
                <td>Reclass defines a syntax and directory structure for recursively merging YAML data sources.</td>
                <td>2025-01-16 09:49:12</td>
            </tr>
        
            <tr>
                <td><a href="/pypi/valohai-yaml">valohai-yaml</a></td>
                <td>0.46.0</td>
                <td>Valohai.yaml validation and parsing</td>
                <td>2025-01-15 12:36:14</td>
            </tr>
        
            <tr>
                <td><a href="/pypi/avocado-framework-plugin-varianter-yaml-to-mux">avocado-framework-plugin-varianter-yaml-to-mux</a></td>
                <td>109.0</td>
                <td>Avocado Varianter plugin to parse YAML file into variants</td>
                <td>2025-01-14 13:27:54</td>
            </tr>
        
            <tr>
                <td><a href="/pypi/pyaml-env">pyaml-env</a></td>
                <td>1.2.2</td>
                <td>Provides yaml file parsing with environment variable resolution</td>
                <td>2025-01-13 07:45:17</td>
            </tr>
        
            <tr>
                <td><a href="/pypi/yaml-extras">yaml-extras</a></td>
                <td>0.2.2</td>
                <td>A collection of YAML utilities</td>
                <td>2025-01-08 16:13:56</td>
            </tr>
        
            <tr>
                <td><a href="/pypi/yaml-kit">yaml-kit</a></td>
                <td>0.0.1</td>
                <td>A package for creating and modifying YAML files.</td>
                <td>2025-01-08 15:04:34</td>
            </tr>
        
            <tr>
                <td><a href="/pypi/bsb-yaml">bsb-yaml</a></td>
                <td>4.2.2</td>
                <td>YAML parser for the BSB framework.</td>
                <td>2025-01-07 16:35:04</td>
            </tr>
        
            <tr>
                <td><a href="/pypi/onlyaml">onlyaml</a></td>
                <td>0.1.3</td>
                <td>A python lib impose your program only accept yaml file as CL argument</td>
                <td>2025-01-07 13:30:40</td>
            </tr>
        
            <tr>
                <td><a href="/pypi/yamlgenerator-hook-validate">yamlgenerator-hook-validate</a></td>
                <td>1.0.0</td>
                <td>None</td>
                <td>2025-01-07 13:10:13</td>
            </tr>
        
            <tr>
                <td><a href="/pypi/yamlgenerator-hook-search">yamlgenerator-hook-search</a></td>
                <td>1.0.2</td>
                <td>None</td>
                <td>2025-01-07 13:00:49</td>
            </tr>
        
            <tr>
                <td><a href="/pypi/gameyamlspiderandgenerator">gameyamlspiderandgenerator</a></td>
                <td>2.1.1</td>
                <td>A useful tool for generating FurryGameIndex yaml files</td>
                <td>2025-01-07 12:43:03</td>
            </tr>
        
            <tr>
                <td><a href="/pypi/ruamel.yaml">ruamel.yaml</a></td>
                <td>0.18.10</td>
                <td>ruamel.yaml is a YAML parser/emitter that supports roundtrip preservation of comments, seq/map flow style, and map key order</td>
                <td>2025-01-06 14:08:51</td>
            </tr>
        
            <tr>
                <td><a href="/pypi/yaml-to-markdown">yaml-to-markdown</a></td>
                <td>0.1.1736139576</td>
                <td>Converts a YAML/JSON file or python Dict/List to a Markdown file</td>
                <td>2025-01-06 04:59:40</td>
            </tr>
        
        </table>

        <div class="pagination">
<div>
Found 400 out of 282,572. Showing 20 on page 1.
Total pages: 20.
</div>
<div>
<a role="button" href="?q=yaml&amp;page=1&amp;limit=20"                  class="btn btn-outline-primary disabled">first</button>
<a role="button" href="?q=yaml&amp;page=0&amp;limit=20" class="btn btn-outline-primary disabled">prev</a>
<a role="button" href="?q=yaml&amp;page=2&amp;limit=20" class="btn btn-outline-primary ">next</a>
<a role="button" href="?q=yaml&amp;page=20&amp;limit=20"     class="btn btn-outline-primary ">last</a>
</div>
</div>

    </div>
    <div class="col-md-1">
        
    </div>
</div>

<div class="row">
    <div class="col-md-3"></div>
    <div class="col-md-6">
        <table class="table">
        <thead>
          <tr><th>hour</th><th>day</th><th>week</th><th>total</th></tr>
        </thead>
        <tbody>
          <tr><td>53</td><td>1120</td><td>7392</td><td>282572</td></tr>
        </tbody>
        </table>
    </div>
    <div class="col-md-3">
    </div>
</div>


</div>

</div>
<div class="row">
    <div class="col-md-3"></div>
    <div class="col-md-6">
      Elapsed time: 1.13951s
    </div>
    <div class="col-md-3">
    </div>
</div>



<!-- Global site tag (gtag.js) - Google Analytics -->
<script async src="https://www.googletagmanager.com/gtag/js?id=G-Z1TCQP8GZH"></script>
<script>
  window.dataLayer = window.dataLayer || [];
  function gtag(){dataLayer.push(arguments);}
  gtag('js', new Date());

  gtag('config', 'G-Z1TCQP8GZH');
</script>
</body>
</html>
